This file contains any messages produced by compilers while
running configure, to aid debugging if configure makes a mistake.

It was created by ELFIO configure 3.1, which was
generated by GNU Autoconf 2.69.  Invocation command line was

  $ ./configure 

## --------- ##
## Platform. ##
## --------- ##

hostname = jetta
uname -m = x86_64
uname -r = 3.19.2-1-ARCH
uname -s = Linux
uname -v = #1 SMP PREEMPT Wed Mar 18 16:21:02 CET 2015

/usr/bin/uname -p = unknown
/bin/uname -X     = unknown

/bin/arch              = unknown
/usr/bin/arch -k       = unknown
/usr/convex/getsysinfo = unknown
/usr/bin/hostinfo      = unknown
/bin/machine           = unknown
/usr/bin/oslevel       = unknown
/bin/universe          = unknown

PATH: /home/daltonmatos/.rvm/gems/ruby-1.9.3-p545/bin
PATH: /home/daltonmatos/.rvm/gems/ruby-1.9.3-p545@global/bin
PATH: /home/daltonmatos/.rvm/rubies/ruby-1.9.3-p545/bin
PATH: /usr/local/sbin
PATH: /usr/local/bin
PATH: /usr/bin
PATH: /usr/lib/jvm/default/bin
PATH: /usr/bin/site_perl
PATH: /usr/bin/vendor_perl
PATH: /usr/bin/core_perl
PATH: /usr/local/bin
PATH: /usr/bin
PATH: /bin
PATH: /opt/bin
PATH: /usr/i686-pc-linux-gnu/gcc-bin/4.5.3
PATH: /usr/i686-pc-linux-gnu/x86_64-pc-linux-gnu/gcc-bin/4.5.3
PATH: /usr/games/bin
PATH: /home/daltonmatos/src/less.js/bin/
PATH: /home/daltonmatos/.gem/ruby/2.0.0/bin/
PATH: /opt/atlassian-plugin-sdk/bin/
PATH: /home/daltonmatos/.rvm/bin


## ----------- ##
## Core tests. ##
## ----------- ##

configure:1829: checking for a BSD-compatible install
configure:1897: result: /usr/bin/install -c
configure:1908: checking whether build environment is sane
configure:1963: result: yes
configure:2001: WARNING: 'missing' script is too old or missing
configure:2114: checking for a thread-safe mkdir -p
configure:2153: result: /usr/bin/mkdir -p
configure:2160: checking for gawk
configure:2176: found /usr/bin/gawk
configure:2187: result: gawk
configure:2198: checking whether make sets $(MAKE)
configure:2220: result: yes
configure:2249: checking whether make supports nested variables
configure:2266: result: yes
configure:2449: checking for g++
configure:2465: found /usr/bin/g++
configure:2476: result: g++
configure:2503: checking for C++ compiler version
configure:2512: g++ --version >&5
g++ (GCC) 4.9.2 20150304 (prerelease)
Copyright (C) 2014 Free Software Foundation, Inc.
This is free software; see the source for copying conditions.  There is NO
warranty; not even for MERCHANTABILITY or FITNESS FOR A PARTICULAR PURPOSE.

configure:2523: $? = 0
configure:2512: g++ -v >&5
Using built-in specs.
COLLECT_GCC=g++
COLLECT_LTO_WRAPPER=/usr/lib/gcc/x86_64-unknown-linux-gnu/4.9.2/lto-wrapper
Target: x86_64-unknown-linux-gnu
Configured with: /build/gcc/src/gcc-4.9-20150304/configure --prefix=/usr --libdir=/usr/lib --libexecdir=/usr/lib --mandir=/usr/share/man --infodir=/usr/share/info --with-bugurl=https://bugs.archlinux.org/ --enable-languages=c,c++,ada,fortran,go,lto,objc,obj-c++ --enable-shared --enable-threads=posix --with-system-zlib --enable-__cxa_atexit --disable-libunwind-exceptions --enable-clocale=gnu --disable-libstdcxx-pch --disable-libssp --enable-gnu-unique-object --enable-linker-build-id --enable-cloog-backend=isl --enable-lto --enable-plugin --enable-install-libiberty --with-linker-hash-style=gnu --disable-multilib --disable-werror --enable-checking=release
Thread model: posix
gcc version 4.9.2 20150304 (prerelease) (GCC) 
configure:2523: $? = 0
configure:2512: g++ -V >&5
g++: error: unrecognized command line option '-V'
g++: fatal error: no input files
compilation terminated.
configure:2523: $? = 1
configure:2512: g++ -qversion >&5
g++: error: unrecognized command line option '-qversion'
g++: fatal error: no input files
compilation terminated.
configure:2523: $? = 1
configure:2543: checking whether the C++ compiler works
configure:2565: g++    conftest.cpp  >&5
configure:2569: $? = 0
configure:2617: result: yes
configure:2620: checking for C++ compiler default output file name
configure:2622: result: a.out
configure:2628: checking for suffix of executables
configure:2635: g++ -o conftest    conftest.cpp  >&5
configure:2639: $? = 0
configure:2661: result: 
configure:2683: checking whether we are cross compiling
configure:2691: g++ -o conftest    conftest.cpp  >&5
configure:2695: $? = 0
configure:2702: ./conftest
configure:2706: $? = 0
configure:2721: result: no
configure:2726: checking for suffix of object files
configure:2748: g++ -c   conftest.cpp >&5
configure:2752: $? = 0
configure:2773: result: o
configure:2777: checking whether we are using the GNU C++ compiler
configure:2796: g++ -c   conftest.cpp >&5
configure:2796: $? = 0
configure:2805: result: yes
configure:2814: checking whether g++ accepts -g
configure:2834: g++ -c -g  conftest.cpp >&5
configure:2834: $? = 0
configure:2875: result: yes
configure:2909: checking for style of include used by make
configure:2937: result: GNU
configure:2963: checking dependency style of g++
configure:3074: result: gcc3
configure:3236: checking that generated files are newer than configure
configure:3242: result: done
configure:3265: creating ./config.status

## ---------------------- ##
## Running config.status. ##
## ---------------------- ##

This file was extended by ELFIO config.status 3.1, which was
generated by GNU Autoconf 2.69.  Invocation command line was

  CONFIG_FILES    = 
  CONFIG_HEADERS  = 
  CONFIG_LINKS    = 
  CONFIG_COMMANDS = 
  $ ./config.status 

on jetta

config.status:777: creating Makefile
config.status:777: creating examples/Makefile
config.status:777: creating examples/elfdump/Makefile
config.status:777: creating examples/tutorial/Makefile
config.status:777: creating examples/writer/Makefile
config.status:777: creating examples/write_obj/Makefile
config.status:949: executing depfiles commands

## ---------------- ##
## Cache variables. ##
## ---------------- ##

ac_cv_cxx_compiler_gnu=yes
ac_cv_env_CCC_set=
ac_cv_env_CCC_value=
ac_cv_env_CPPFLAGS_set=
ac_cv_env_CPPFLAGS_value=
ac_cv_env_CXXFLAGS_set=
ac_cv_env_CXXFLAGS_value=
ac_cv_env_CXX_set=
ac_cv_env_CXX_value=
ac_cv_env_LDFLAGS_set=
ac_cv_env_LDFLAGS_value=
ac_cv_env_LIBS_set=
ac_cv_env_LIBS_value=
ac_cv_env_build_alias_set=
ac_cv_env_build_alias_value=
ac_cv_env_host_alias_set=
ac_cv_env_host_alias_value=
ac_cv_env_target_alias_set=
ac_cv_env_target_alias_value=
ac_cv_objext=o
ac_cv_path_install='/usr/bin/install -c'
ac_cv_path_mkdir=/usr/bin/mkdir
ac_cv_prog_AWK=gawk
ac_cv_prog_ac_ct_CXX=g++
ac_cv_prog_cxx_g=yes
ac_cv_prog_make_make_set=yes
am_cv_CXX_dependencies_compiler_type=gcc3
am_cv_make_support_nested_variables=yes

## ----------------- ##
## Output variables. ##
## ----------------- ##

ACLOCAL='aclocal-1.14'
AMDEPBACKSLASH='\'
AMDEP_FALSE='#'
AMDEP_TRUE=''
AMTAR='$${TAR-tar}'
AM_BACKSLASH='\'
AM_DEFAULT_V='$(AM_DEFAULT_VERBOSITY)'
AM_DEFAULT_VERBOSITY='1'
AM_V='$(V)'
AUTOCONF='autoconf'
AUTOHEADER='autoheader'
AUTOMAKE='automake-1.14'
AWK='gawk'
CPPFLAGS=''
CXX='g++'
CXXDEPMODE='depmode=gcc3'
CXXFLAGS='-g -O2'
CYGPATH_W='echo'
DEFS='-DPACKAGE_NAME=\"ELFIO\" -DPACKAGE_TARNAME=\"elfio\" -DPACKAGE_VERSION=\"3.1\" -DPACKAGE_STRING=\"ELFIO\ 3.1\" -DPACKAGE_BUGREPORT=\"\" -DPACKAGE_URL=\"\" -DPACKAGE=\"elfio\" -DVERSION=\"3.1\"'
DEPDIR='.deps'
ECHO_C=''
ECHO_N='-n'
ECHO_T=''
EXEEXT=''
INSTALL_DATA='${INSTALL} -m 644'
INSTALL_PROGRAM='${INSTALL}'
INSTALL_SCRIPT='${INSTALL}'
INSTALL_STRIP_PROGRAM='$(install_sh) -c -s'
LDFLAGS=''
LIBOBJS=''
LIBS=''
LTLIBOBJS=''
MAKEINFO='makeinfo'
MKDIR_P='/usr/bin/mkdir -p'
OBJEXT='o'
PACKAGE='elfio'
PACKAGE_BUGREPORT=''
PACKAGE_NAME='ELFIO'
PACKAGE_STRING='ELFIO 3.1'
PACKAGE_TARNAME='elfio'
PACKAGE_URL=''
PACKAGE_VERSION='3.1'
PATH_SEPARATOR=':'
SET_MAKE=''
SHELL='/bin/sh'
STRIP=''
VERSION='3.1'
ac_ct_CXX='g++'
am__EXEEXT_FALSE=''
am__EXEEXT_TRUE='#'
am__fastdepCXX_FALSE='#'
am__fastdepCXX_TRUE=''
am__include='include'
am__isrc=''
am__leading_dot='.'
am__nodep='_no'
am__quote=''
am__tar='$${TAR-tar} chof - "$$tardir"'
am__untar='$${TAR-tar} xf -'
bindir='${exec_prefix}/bin'
build_alias=''
datadir='${datarootdir}'
datarootdir='${prefix}/share'
docdir='${datarootdir}/doc/${PACKAGE_TARNAME}'
dvidir='${docdir}'
exec_prefix='${prefix}'
host_alias=''
htmldir='${docdir}'
includedir='${prefix}/include'
infodir='${datarootdir}/info'
install_sh='${SHELL} /home/daltonmatos/projetos/kk-rc911/experiments/elfio-3.1/install-sh'
libdir='${exec_prefix}/lib'
libexecdir='${exec_prefix}/libexec'
localedir='${datarootdir}/locale'
localstatedir='${prefix}/var'
mandir='${datarootdir}/man'
mkdir_p='$(MKDIR_P)'
oldincludedir='/usr/include'
pdfdir='${docdir}'
prefix='/usr/local'
program_transform_name='s,x,x,'
psdir='${docdir}'
sbindir='${exec_prefix}/sbin'
sharedstatedir='${prefix}/com'
sysconfdir='${prefix}/etc'
target_alias=''

## ----------- ##
## confdefs.h. ##
## ----------- ##

/* confdefs.h */
#define PACKAGE_NAME "ELFIO"
#define PACKAGE_TARNAME "elfio"
#define PACKAGE_VERSION "3.1"
#define PACKAGE_STRING "ELFIO 3.1"
#define PACKAGE_BUGREPORT ""
#define PACKAGE_URL ""
#define PACKAGE "elfio"
#define VERSION "3.1"

configure: exit 0
